  main.cpp
C:\Users\veteran\source\repos\Sparse Matrix Final CSC212\Sparse Matrix Final CSC212\Graphics.h(45,16): warning C4244: 'initializing': conversion from 'T' to 'float', possible loss of data
          with
          [
              T=int
          ]
C:\Users\veteran\source\repos\Sparse Matrix Final CSC212\Sparse Matrix Final CSC212\Graphics.h(46,16): warning C4244: 'initializing': conversion from 'T' to 'float', possible loss of data
          with
          [
              T=int
          ]
C:\Users\veteran\source\repos\Sparse Matrix Final CSC212\Sparse Matrix Final CSC212\Graphics.h(181,16): warning C4244: 'initializing': conversion from 'T' to 'float', possible loss of data
          with
          [
              T=int
          ]
C:\Users\veteran\source\repos\Sparse Matrix Final CSC212\Sparse Matrix Final CSC212\Graphics.h(182,16): warning C4244: 'initializing': conversion from 'T' to 'float', possible loss of data
          with
          [
              T=int
          ]
C:\Users\veteran\source\repos\Sparse Matrix Final CSC212\Sparse Matrix Final CSC212\Graphics.h(407,65): warning C4244: 'argument': conversion from 'int' to 'T', possible loss of data
          with
          [
              T=float
          ]
C:\Users\veteran\source\repos\Sparse Matrix Final CSC212\Sparse Matrix Final CSC212\Graphics.h(407,50): warning C4244: 'argument': conversion from 'int' to 'T', possible loss of data
          with
          [
              T=float
          ]
C:\Users\veteran\source\repos\Sparse Matrix Final CSC212\Sparse Matrix Final CSC212\Graphics.h(415,91): warning C4244: 'argument': conversion from 'int' to 'float', possible loss of data
C:\Users\veteran\source\repos\Sparse Matrix Final CSC212\Sparse Matrix Final CSC212\Graphics.h(415,51): warning C4244: 'argument': conversion from 'int' to 'float', possible loss of data
C:\Users\veteran\source\repos\Sparse Matrix Final CSC212\Sparse Matrix Final CSC212\Graphics.h(421,91): warning C4244: 'argument': conversion from 'int' to 'float', possible loss of data
C:\Users\veteran\source\repos\Sparse Matrix Final CSC212\Sparse Matrix Final CSC212\Graphics.h(421,51): warning C4244: 'argument': conversion from 'int' to 'float', possible loss of data
  Generating code
  4 of 332 functions ( 1.2%) were compiled, the rest were copied from previous compilation.
    0 functions were new in current compilation
    59 functions had inline decision re-evaluated but remain unchanged
  Finished generating code
  Sparse Matrix Final CSC212.vcxproj -> C:\Users\veteran\source\repos\Sparse Matrix Final CSC212\x64\Release\Sparse Matrix Final CSC212.exe
