  main.cpp
C:\Users\Rick\source\repos\Sparse Matrix Final CSC212\Sparse Matrix Final CSC212\Graphics.h(45,16): warning C4244: 'initializing': conversion from 'T' to 'float', possible loss of data
          with
          [
              T=int
          ]
C:\Users\Rick\source\repos\Sparse Matrix Final CSC212\Sparse Matrix Final CSC212\Graphics.h(46,16): warning C4244: 'initializing': conversion from 'T' to 'float', possible loss of data
          with
          [
              T=int
          ]
C:\Users\Rick\source\repos\Sparse Matrix Final CSC212\Sparse Matrix Final CSC212\Graphics.h(181,16): warning C4244: 'initializing': conversion from 'T' to 'float', possible loss of data
          with
          [
              T=int
          ]
C:\Users\Rick\source\repos\Sparse Matrix Final CSC212\Sparse Matrix Final CSC212\Graphics.h(182,16): warning C4244: 'initializing': conversion from 'T' to 'float', possible loss of data
          with
          [
              T=int
          ]
C:\Users\Rick\source\repos\Sparse Matrix Final CSC212\Sparse Matrix Final CSC212\Graphics.h(407,65): warning C4244: 'argument': conversion from 'int' to 'T', possible loss of data
          with
          [
              T=float
          ]
C:\Users\Rick\source\repos\Sparse Matrix Final CSC212\Sparse Matrix Final CSC212\Graphics.h(407,50): warning C4244: 'argument': conversion from 'int' to 'T', possible loss of data
          with
          [
              T=float
          ]
C:\Users\Rick\source\repos\Sparse Matrix Final CSC212\Sparse Matrix Final CSC212\Graphics.h(415,91): warning C4244: 'argument': conversion from 'int' to 'float', possible loss of data
C:\Users\Rick\source\repos\Sparse Matrix Final CSC212\Sparse Matrix Final CSC212\Graphics.h(415,51): warning C4244: 'argument': conversion from 'int' to 'float', possible loss of data
C:\Users\Rick\source\repos\Sparse Matrix Final CSC212\Sparse Matrix Final CSC212\Graphics.h(421,91): warning C4244: 'argument': conversion from 'int' to 'float', possible loss of data
C:\Users\Rick\source\repos\Sparse Matrix Final CSC212\Sparse Matrix Final CSC212\Graphics.h(421,51): warning C4244: 'argument': conversion from 'int' to 'float', possible loss of data
  Sparse Matrix Final CSC212.vcxproj -> C:\Users\Rick\source\repos\Sparse Matrix Final CSC212\x64\Debug\Sparse Matrix Final CSC212.exe
